#
# A fatal error has been detected by the Java Runtime Environment:
#
#  EXCEPTION_ACCESS_VIOLATION (0xc0000005) at pc=0x00000000650ca0a5, pid=10160, tid=0x000000000000087c
#
# JRE version: Java(TM) SE Runtime Environment (8.0_101-b13) (build 1.8.0_101-b13)
# Java VM: Java HotSpot(TM) 64-Bit Server VM (25.101-b13 mixed mode windows-amd64 compressed oops)
# Problematic frame:
# V  [jvm.dll+0x12a0a5]
#
# Failed to write core dump. Minidumps are not enabled by default on client versions of Windows
#
# If you would like to submit a bug report, please visit:
#   http://bugreport.java.com/bugreport/crash.jsp
#

---------------  T H R E A D  ---------------

Current thread (0x00000000190a1000):  JavaThread "JDWP Transport Listener: dt_socket" daemon [_thread_in_vm, id=2172, stack(0x0000000019850000,0x0000000019950000)]

siginfo: ExceptionCode=0xc0000005, reading address 0x0000003b72003b00

Registers:
RAX=0x000000001994f501, RBX=0x00000000190a1000, RCX=0x0000003b72003b00, RDX=0x0000000000000000
RSP=0x000000001994f590, RBP=0x0000003b72003b00, RSI=0x000000001994f6a8, RDI=0x00000000021b9e80
R8 =0x00000000190a1000, R9 =0x0000000000000000, R10=0x0000000000000000, R11=0x0000000000000064
R12=0x0000000000000000, R13=0x00000000190acfd8, R14=0x0000000000000000, R15=0x0000000000000000
RIP=0x00000000650ca0a5, EFLAGS=0x0000000000010206

Top of Stack: (sp=0x000000001994f590)
0x000000001994f590:   00000000190a1000 00000000190a1000
0x000000001994f5a0:   000000001994f658 00000000652d2f0b
0x000000001994f5b0:   00000000190a1000 00000000652ef76d
0x000000001994f5c0:   0000000000000000 00000000658e9155
0x000000001994f5d0:   00000000191e4170 00000000658f291e
0x000000001994f5e0:   00000000190a1000 0000000000000000
0x000000001994f5f0:   0000000000000000 0000000000000000
0x000000001994f600:   0000003b72003b00 00000000658f1a15
0x000000001994f610:   000000001994f6a8 000000001994f680
0x000000001994f620:   0000000000000001 00000000191e4170
0x000000001994f630:   0000003b72003b00 00000000658d53b3
0x000000001994f640:   000000001994f770 0000000000000001
0x000000001994f650:   0000000000000001 00000000191e4170
0x000000001994f660:   0000000000000009 0000000000000000
0x000000001994f670:   0000000000000000 0000000000000000
0x000000001994f680:   0000000000000001 00000000658d5571 

Instructions: (pc=0x00000000650ca0a5)
0x00000000650ca085:   cc cc cc cc cc cc cc cc cc cc cc 48 83 ec 28 48
0x00000000650ca095:   85 c9 75 07 33 c0 48 83 c4 28 c3 48 89 5c 24 20
0x00000000650ca0a5:   48 8b 19 48 85 db 74 20 48 83 fb 37 74 1a 48 8b
0x00000000650ca0b5:   13 48 8b cb ff 52 10 84 c0 74 0d 48 8b c3 48 8b 


Register to memory mapping:

RAX=0x000000001994f501 is pointing into the stack for thread: 0x00000000190a1000
RBX=0x00000000190a1000 is a thread
RCX=0x0000003b72003b00 is an unknown value
RDX=0x0000000000000000 is an unknown value
RSP=0x000000001994f590 is pointing into the stack for thread: 0x00000000190a1000
RBP=0x0000003b72003b00 is an unknown value
RSI=0x000000001994f6a8 is pointing into the stack for thread: 0x00000000190a1000
RDI=0x00000000021b9e80 is an unknown value
R8 =0x00000000190a1000 is a thread
R9 =0x0000000000000000 is an unknown value
R10=0x0000000000000000 is an unknown value
R11=0x0000000000000064 is an unknown value
R12=0x0000000000000000 is an unknown value
R13=0x00000000190acfd8 is an unknown value
R14=0x0000000000000000 is an unknown value
R15=0x0000000000000000 is an unknown value


Stack: [0x0000000019850000,0x0000000019950000],  sp=0x000000001994f590,  free space=1021k
Native frames: (J=compiled Java code, j=interpreted, Vv=VM code, C=native code)
V  [jvm.dll+0x12a0a5]
V  [jvm.dll+0x34f76d]
C  [jdwp.dll+0x21a15]
C  [jdwp.dll+0x53b3]
C  [jdwp.dll+0x5571]
C  [jdwp.dll+0xf0a8]
C  [jdwp.dll+0x1f2d5]
C  [jdwp.dll+0x1f4aa]
V  [jvm.dll+0x1bd258]
V  [jvm.dll+0x2451a4]
V  [jvm.dll+0x29c18a]
C  [msvcr100.dll+0x21d9f]
C  [msvcr100.dll+0x21e3b]
C  [KERNEL32.DLL+0x12d92]
C  [ntdll.dll+0x9f64]


---------------  P R O C E S S  ---------------

Java Threads: ( => current thread )
  0x000000001ced3000 JavaThread "Swing-Shell" daemon [_thread_blocked, id=6456, stack(0x000000001e520000,0x000000001e620000)]
  0x000000001ced0000 JavaThread "DestroyJavaVM" [_thread_blocked, id=8712, stack(0x0000000002000000,0x0000000002100000)]
  0x000000001ab58800 JavaThread "derby.rawStoreDaemon" daemon [_thread_blocked, id=8708, stack(0x000000001db90000,0x000000001dc90000)]
  0x000000001ca17000 JavaThread "Timer-0" daemon [_thread_blocked, id=10132, stack(0x000000001d890000,0x000000001d990000)]
  0x000000001a7c4800 JavaThread "TimerQueue" daemon [_thread_blocked, id=5816, stack(0x000000001bec0000,0x000000001bfc0000)]
  0x000000001a7a5000 JavaThread "Logger" [_thread_blocked, id=2624, stack(0x000000001bac0000,0x000000001bbc0000)]
  0x000000001a7a0000 JavaThread "AWT-EventQueue-0" [_thread_blocked, id=9384, stack(0x000000001b9c0000,0x000000001bac0000)]
  0x000000001a6cd000 JavaThread "AWT-Windows" daemon [_thread_in_native, id=4036, stack(0x000000001b0d0000,0x000000001b1d0000)]
  0x000000001a6cc800 JavaThread "AWT-Shutdown" [_thread_blocked, id=7272, stack(0x000000001afd0000,0x000000001b0d0000)]
  0x000000001a72e000 JavaThread "Java2D Disposer" daemon [_thread_blocked, id=8424, stack(0x000000001aed0000,0x000000001afd0000)]
  0x0000000019149800 JavaThread "Service Thread" daemon [_thread_blocked, id=6396, stack(0x000000001a310000,0x000000001a410000)]
  0x00000000190cc800 JavaThread "C1 CompilerThread3" daemon [_thread_blocked, id=10008, stack(0x000000001a210000,0x000000001a310000)]
  0x00000000190cb800 JavaThread "C2 CompilerThread2" daemon [_thread_blocked, id=4896, stack(0x000000001a110000,0x000000001a210000)]
  0x00000000190cb000 JavaThread "C2 CompilerThread1" daemon [_thread_blocked, id=8956, stack(0x000000001a010000,0x000000001a110000)]
  0x00000000190c4000 JavaThread "C2 CompilerThread0" daemon [_thread_blocked, id=2436, stack(0x0000000019f10000,0x000000001a010000)]
  0x00000000190b6800 JavaThread "JDWP Command Reader" daemon [_thread_in_native, id=1344, stack(0x0000000019e10000,0x0000000019f10000)]
  0x00000000190b3800 JavaThread "JDWP Event Helper Thread" daemon [_thread_blocked, id=3752, stack(0x0000000019d10000,0x0000000019e10000)]
=>0x00000000190a1000 JavaThread "JDWP Transport Listener: dt_socket" daemon [_thread_in_vm, id=2172, stack(0x0000000019850000,0x0000000019950000)]
  0x0000000019097000 JavaThread "Attach Listener" daemon [_thread_blocked, id=3380, stack(0x0000000019750000,0x0000000019850000)]
  0x0000000019096000 JavaThread "Signal Dispatcher" daemon [_thread_blocked, id=6796, stack(0x0000000019650000,0x0000000019750000)]
  0x00000000171ae800 JavaThread "Finalizer" daemon [_thread_blocked, id=8416, stack(0x0000000019470000,0x0000000019570000)]
  0x00000000171ad800 JavaThread "Reference Handler" daemon [_thread_blocked, id=8396, stack(0x0000000018f70000,0x0000000019070000)]

Other Threads:
  0x00000000171a9800 VMThread [stack: 0x0000000018e70000,0x0000000018f70000] [id=10228]
  0x000000001917d800 WatcherThread [stack: 0x000000001a410000,0x000000001a510000] [id=8872]

VM state:not at safepoint (normal execution)

VM Mutex/Monitor currently owned by a thread: None

Heap:
 PSYoungGen      total 51712K, used 24660K [0x00000000d6300000, 0x00000000da080000, 0x0000000100000000)
  eden space 46592K, 41% used [0x00000000d6300000,0x00000000d7616c48,0x00000000d9080000)
  from space 5120K, 99% used [0x00000000d9580000,0x00000000d9a7e5b0,0x00000000d9a80000)
  to   space 5120K, 0% used [0x00000000d9080000,0x00000000d9080000,0x00000000d9580000)
 ParOldGen       total 64000K, used 23069K [0x0000000082800000, 0x0000000086680000, 0x00000000d6300000)
  object space 64000K, 36% used [0x0000000082800000,0x0000000083e875c8,0x0000000086680000)
 Metaspace       used 27657K, capacity 27950K, committed 28288K, reserved 1073152K
  class space    used 3473K, capacity 3594K, committed 3712K, reserved 1048576K

Card table byte_map: [0x0000000011680000,0x0000000011a70000] byte_map_base: 0x000000001126c000

Marking Bits: (ParMarkBitMap*) 0x00000000657ba6d0
 Begin Bits: [0x0000000012510000, 0x0000000014470000)
 End Bits:   [0x0000000014470000, 0x00000000163d0000)

Polling page: 0x00000000007b0000

CodeCache: size=245760Kb used=7392Kb max_used=7393Kb free=238367Kb
 bounds [0x00000000022c0000, 0x0000000002a10000, 0x00000000112c0000]
 total_blobs=3112 nmethods=2375 adapters=657
 compilation: enabled

Compilation events (10 events):
Event: 197.108 Thread 0x00000000190cc800 2652       3       sun.awt.windows.WComponentPeer::handleJavaMouseEvent (76 bytes)
Event: 197.110 Thread 0x00000000190cc800 nmethod 2652 0x0000000002a01510 code [0x0000000002a01740, 0x0000000002a02578]
Event: 197.437 Thread 0x00000000190cc800 2654       3       sun.font.SunFontManager::getInstance (9 bytes)
Event: 197.438 Thread 0x00000000190cc800 nmethod 2654 0x0000000002a00b10 code [0x0000000002a00cc0, 0x0000000002a012c8]
Event: 197.438 Thread 0x00000000190cc800 2653       1       javax.swing.AbstractButton::isRolloverEnabled (5 bytes)
Event: 197.438 Thread 0x00000000190cc800 nmethod 2653 0x0000000002a00850 code [0x0000000002a009a0, 0x0000000002a00ab0]
Event: 413.479 Thread 0x00000000190cc800 2655       1       org.apache.derby.impl.services.daemon.ServiceRecord::needImmediateService (5 bytes)
Event: 413.480 Thread 0x00000000190cc800 nmethod 2655 0x0000000002a00590 code [0x0000000002a006e0, 0x0000000002a007f0]
Event: 623.577 Thread 0x00000000190cc800 2656  s    1       org.apache.derby.impl.services.daemon.BasicDaemon::stopRequested (5 bytes)
Event: 623.577 Thread 0x00000000190cc800 nmethod 2656 0x0000000002a00150 code [0x0000000002a002a0, 0x0000000002a00510]

GC Heap History (10 events):
Event: 2.779 GC heap before
{Heap before GC invocations=1 (full 0):
 PSYoungGen      total 37888K, used 32768K [0x00000000d6300000, 0x00000000d8d00000, 0x0000000100000000)
  eden space 32768K, 100% used [0x00000000d6300000,0x00000000d8300000,0x00000000d8300000)
  from space 5120K, 0% used [0x00000000d8800000,0x00000000d8800000,0x00000000d8d00000)
  to   space 5120K, 0% used [0x00000000d8300000,0x00000000d8300000,0x00000000d8800000)
 ParOldGen       total 86016K, used 0K [0x0000000082800000, 0x0000000087c00000, 0x00000000d6300000)
  object space 86016K, 0% used [0x0000000082800000,0x0000000082800000,0x0000000087c00000)
 Metaspace       used 19130K, capacity 19374K, committed 19456K, reserved 1067008K
  class space    used 2464K, capacity 2559K, committed 2560K, reserved 1048576K
Event: 2.795 GC heap after
Heap after GC invocations=1 (full 0):
 PSYoungGen      total 37888K, used 5088K [0x00000000d6300000, 0x00000000d8d00000, 0x0000000100000000)
  eden space 32768K, 0% used [0x00000000d6300000,0x00000000d6300000,0x00000000d8300000)
  from space 5120K, 99% used [0x00000000d8300000,0x00000000d87f8268,0x00000000d8800000)
  to   space 5120K, 0% used [0x00000000d8800000,0x00000000d8800000,0x00000000d8d00000)
 ParOldGen       total 86016K, used 3331K [0x0000000082800000, 0x0000000087c00000, 0x00000000d6300000)
  object space 86016K, 3% used [0x0000000082800000,0x0000000082b40d38,0x0000000087c00000)
 Metaspace       used 19130K, capacity 19374K, committed 19456K, reserved 1067008K
  class space    used 2464K, capacity 2559K, committed 2560K, reserved 1048576K
}
Event: 3.425 GC heap before
{Heap before GC invocations=2 (full 0):
 PSYoungGen      total 37888K, used 16688K [0x00000000d6300000, 0x00000000d8d00000, 0x0000000100000000)
  eden space 32768K, 35% used [0x00000000d6300000,0x00000000d6e53f78,0x00000000d8300000)
  from space 5120K, 99% used [0x00000000d8300000,0x00000000d87f8268,0x00000000d8800000)
  to   space 5120K, 0% used [0x00000000d8800000,0x00000000d8800000,0x00000000d8d00000)
 ParOldGen       total 86016K, used 3331K [0x0000000082800000, 0x0000000087c00000, 0x00000000d6300000)
  object space 86016K, 3% used [0x0000000082800000,0x0000000082b40d38,0x0000000087c00000)
 Metaspace       used 20841K, capacity 21082K, committed 21296K, reserved 1069056K
  class space    used 2577K, capacity 2657K, committed 2688K, reserved 1048576K
Event: 3.437 GC heap after
Heap after GC invocations=2 (full 0):
 PSYoungGen      total 37888K, used 5088K [0x00000000d6300000, 0x00000000dad00000, 0x0000000100000000)
  eden space 32768K, 0% used [0x00000000d6300000,0x00000000d6300000,0x00000000d8300000)
  from space 5120K, 99% used [0x00000000d8800000,0x00000000d8cf8288,0x00000000d8d00000)
  to   space 5120K, 0% used [0x00000000d8300000,0x00000000d8300000,0x00000000d8800000)
 ParOldGen       total 86016K, used 4423K [0x0000000082800000, 0x0000000087c00000, 0x00000000d6300000)
  object space 86016K, 5% used [0x0000000082800000,0x0000000082c51ec8,0x0000000087c00000)
 Metaspace       used 20841K, capacity 21082K, committed 21296K, reserved 1069056K
  class space    used 2577K, capacity 2657K, committed 2688K, reserved 1048576K
}
Event: 3.437 GC heap before
{Heap before GC invocations=3 (full 1):
 PSYoungGen      total 37888K, used 5088K [0x00000000d6300000, 0x00000000dad00000, 0x0000000100000000)
  eden space 32768K, 0% used [0x00000000d6300000,0x00000000d6300000,0x00000000d8300000)
  from space 5120K, 99% used [0x00000000d8800000,0x00000000d8cf8288,0x00000000d8d00000)
  to   space 5120K, 0% used [0x00000000d8300000,0x00000000d8300000,0x00000000d8800000)
 ParOldGen       total 86016K, used 4423K [0x0000000082800000, 0x0000000087c00000, 0x00000000d6300000)
  object space 86016K, 5% used [0x0000000082800000,0x0000000082c51ec8,0x0000000087c00000)
 Metaspace       used 20841K, capacity 21082K, committed 21296K, reserved 1069056K
  class space    used 2577K, capacity 2657K, committed 2688K, reserved 1048576K
Event: 3.501 GC heap after
Heap after GC invocations=3 (full 1):
 PSYoungGen      total 37888K, used 0K [0x00000000d6300000, 0x00000000dad00000, 0x0000000100000000)
  eden space 32768K, 0% used [0x00000000d6300000,0x00000000d6300000,0x00000000d8300000)
  from space 5120K, 0% used [0x00000000d8800000,0x00000000d8800000,0x00000000d8d00000)
  to   space 5120K, 0% used [0x00000000d8300000,0x00000000d8300000,0x00000000d8800000)
 ParOldGen       total 64000K, used 6784K [0x0000000082800000, 0x0000000086680000, 0x00000000d6300000)
  object space 64000K, 10% used [0x0000000082800000,0x0000000082ea0220,0x0000000086680000)
 Metaspace       used 20841K, capacity 21082K, committed 21296K, reserved 1069056K
  class space    used 2577K, capacity 2657K, committed 2688K, reserved 1048576K
}
Event: 4.523 GC heap before
{Heap before GC invocations=4 (full 1):
 PSYoungGen      total 37888K, used 32768K [0x00000000d6300000, 0x00000000dad00000, 0x0000000100000000)
  eden space 32768K, 100% used [0x00000000d6300000,0x00000000d8300000,0x00000000d8300000)
  from space 5120K, 0% used [0x00000000d8800000,0x00000000d8800000,0x00000000d8d00000)
  to   space 5120K, 0% used [0x00000000d8300000,0x00000000d8300000,0x00000000d8800000)
 ParOldGen       total 64000K, used 6784K [0x0000000082800000, 0x0000000086680000, 0x00000000d6300000)
  object space 64000K, 10% used [0x0000000082800000,0x0000000082ea0220,0x0000000086680000)
 Metaspace       used 23534K, capacity 23834K, committed 24192K, reserved 1071104K
  class space    used 2999K, capacity 3144K, committed 3200K, reserved 1048576K
Event: 4.542 GC heap after
Heap after GC invocations=4 (full 1):
 PSYoungGen      total 37888K, used 5116K [0x00000000d6300000, 0x00000000d9a80000, 0x0000000100000000)
  eden space 32768K, 0% used [0x00000000d6300000,0x00000000d6300000,0x00000000d8300000)
  from space 5120K, 99% used [0x00000000d8300000,0x00000000d87ff138,0x00000000d8800000)
  to   space 5120K, 0% used [0x00000000d9580000,0x00000000d9580000,0x00000000d9a80000)
 ParOldGen       total 64000K, used 11322K [0x0000000082800000, 0x0000000086680000, 0x00000000d6300000)
  object space 64000K, 17% used [0x0000000082800000,0x000000008330eac8,0x0000000086680000)
 Metaspace       used 23534K, capacity 23834K, committed 24192K, reserved 1071104K
  class space    used 2999K, capacity 3144K, committed 3200K, reserved 1048576K
}
Event: 4.990 GC heap before
{Heap before GC invocations=5 (full 1):
 PSYoungGen      total 37888K, used 37884K [0x00000000d6300000, 0x00000000d9a80000, 0x0000000100000000)
  eden space 32768K, 100% used [0x00000000d6300000,0x00000000d8300000,0x00000000d8300000)
  from space 5120K, 99% used [0x00000000d8300000,0x00000000d87ff138,0x00000000d8800000)
  to   space 5120K, 0% used [0x00000000d9580000,0x00000000d9580000,0x00000000d9a80000)
 ParOldGen       total 64000K, used 11322K [0x0000000082800000, 0x0000000086680000, 0x00000000d6300000)
  object space 64000K, 17% used [0x0000000082800000,0x000000008330eac8,0x0000000086680000)
 Metaspace       used 23545K, capacity 23834K, committed 24192K, reserved 1071104K
  class space    used 2999K, capacity 3144K, committed 3200K, reserved 1048576K
Event: 5.024 GC heap after
Heap after GC invocations=5 (full 1):
 PSYoungGen      total 51712K, used 5113K [0x00000000d6300000, 0x00000000da080000, 0x0000000100000000)
  eden space 46592K, 0% used [0x00000000d6300000,0x00000000d6300000,0x00000000d9080000)
  from space 5120K, 99% used [0x00000000d9580000,0x00000000d9a7e5b0,0x00000000d9a80000)
  to   space 5120K, 0% used [0x00000000d9080000,0x00000000d9080000,0x00000000d9580000)
 ParOldGen       total 64000K, used 23069K [0x0000000082800000, 0x0000000086680000, 0x00000000d6300000)
  object space 64000K, 36% used [0x0000000082800000,0x0000000083e875c8,0x0000000086680000)
 Metaspace       used 23545K, capacity 23834K, committed 24192K, reserved 1071104K
  class space    used 2999K, capacity 3144K, committed 3200K, reserved 1048576K
}

Deoptimization events (10 events):
Event: 5.075 Thread 0x00000000021be800 Uncommon trap: reason=unstable_if action=reinterpret pc=0x0000000002892cf4 method=util.DartboardUtil.getColourFromHashMap(Lobject/DartboardSegment;Lobject/ColourWrapper;)Ljava/awt/Color; @ 18
Event: 5.075 Thread 0x00000000021be800 Uncommon trap: reason=unstable_if action=reinterpret pc=0x00000000028a73ec method=util.DartboardUtil.getColourFromHashMap(Lobject/DartboardSegment;Lobject/ColourWrapper;)Ljava/awt/Color; @ 18
Event: 5.111 Thread 0x00000000021be800 Uncommon trap: reason=unstable_if action=reinterpret pc=0x00000000028ae564 method=object.DartboardSegment.getMultiplier(I)I @ 9
Event: 5.131 Thread 0x00000000021be800 Uncommon trap: reason=unstable_if action=reinterpret pc=0x00000000028b1b68 method=object.DartboardSegment.getMultiplier(I)I @ 9
Event: 5.217 Thread 0x00000000021be800 Uncommon trap: reason=unstable_if action=reinterpret pc=0x00000000028b8130 method=screen.Dartboard.renderDartboardImage(II)V @ 93
Event: 5.279 Thread 0x000000001a7a0000 Uncommon trap: reason=unstable_if action=reinterpret pc=0x00000000027a2464 method=java.lang.String.regionMatches(ZILjava/lang/String;II)Z @ 123
Event: 6.184 Thread 0x000000001a7a0000 Uncommon trap: reason=unstable_if action=reinterpret pc=0x000000000286d904 method=java.util.HashMap.putVal(ILjava/lang/Object;Ljava/lang/Object;ZZ)Ljava/lang/Object; @ 236
Event: 6.388 Thread 0x000000001a7a0000 Uncommon trap: reason=unstable_if action=reinterpret pc=0x0000000002819a6c method=java.util.HashMap.getNode(ILjava/lang/Object;)Ljava/util/HashMap$Node; @ 53
Event: 11.159 Thread 0x000000001ced3000 Uncommon trap: reason=unstable_if action=reinterpret pc=0x00000000026e0ad0 method=java.util.concurrent.locks.AbstractQueuedSynchronizer.release(I)Z @ 21
Event: 11.316 Thread 0x000000001ced3000 Uncommon trap: reason=unstable_if action=reinterpret pc=0x000000000254c770 method=java.io.WinNTFileSystem.normalize(Ljava/lang/String;)Ljava/lang/String; @ 128

Internal exceptions (10 events):
Event: 122.347 Thread 0x000000001a7a0000 Exception <a 'sun/nio/fs/WindowsException'> (0x00000000d7356a00) thrown at [C:\re\workspace\8-2-build-windows-amd64-cygwin\jdk8u101\7261\hotspot\src\share\vm\prims\jni.cpp, line 709]
Event: 122.353 Thread 0x000000001a7a0000 Exception <a 'sun/nio/fs/WindowsException'> (0x00000000d73575a0) thrown at [C:\re\workspace\8-2-build-windows-amd64-cygwin\jdk8u101\7261\hotspot\src\share\vm\prims\jni.cpp, line 709]
Event: 122.355 Thread 0x000000001a7a0000 Exception <a 'sun/nio/fs/WindowsException'> (0x00000000d7358140) thrown at [C:\re\workspace\8-2-build-windows-amd64-cygwin\jdk8u101\7261\hotspot\src\share\vm\prims\jni.cpp, line 709]
Event: 122.357 Thread 0x000000001a7a0000 Exception <a 'sun/nio/fs/WindowsException'> (0x00000000d7358ce0) thrown at [C:\re\workspace\8-2-build-windows-amd64-cygwin\jdk8u101\7261\hotspot\src\share\vm\prims\jni.cpp, line 709]
Event: 122.363 Thread 0x000000001a7a0000 Exception <a 'sun/nio/fs/WindowsException'> (0x00000000d7359880) thrown at [C:\re\workspace\8-2-build-windows-amd64-cygwin\jdk8u101\7261\hotspot\src\share\vm\prims\jni.cpp, line 709]
Event: 122.365 Thread 0x000000001a7a0000 Exception <a 'sun/nio/fs/WindowsException'> (0x00000000d735a420) thrown at [C:\re\workspace\8-2-build-windows-amd64-cygwin\jdk8u101\7261\hotspot\src\share\vm\prims\jni.cpp, line 709]
Event: 122.370 Thread 0x000000001a7a0000 Exception <a 'sun/nio/fs/WindowsException'> (0x00000000d735b250) thrown at [C:\re\workspace\8-2-build-windows-amd64-cygwin\jdk8u101\7261\hotspot\src\share\vm\prims\jni.cpp, line 709]
Event: 135.176 Thread 0x000000001a7a0000 Exception <a 'sun/nio/fs/WindowsException'> (0x00000000d735bfc0) thrown at [C:\re\workspace\8-2-build-windows-amd64-cygwin\jdk8u101\7261\hotspot\src\share\vm\prims\jni.cpp, line 709]
Event: 135.180 Thread 0x000000001a7a0000 Exception <a 'sun/nio/fs/WindowsException'> (0x00000000d735caf8) thrown at [C:\re\workspace\8-2-build-windows-amd64-cygwin\jdk8u101\7261\hotspot\src\share\vm\prims\jni.cpp, line 709]
Event: 135.182 Thread 0x000000001a7a0000 Exception <a 'sun/nio/fs/WindowsException'> (0x00000000d735d570) thrown at [C:\re\workspace\8-2-build-windows-amd64-cygwin\jdk8u101\7261\hotspot\src\share\vm\prims\jni.cpp, line 709]

Events (10 events):
Event: 531.954 Executing VM operation: RedefineClasses
Event: 531.988 Executing VM operation: RedefineClasses done
Event: 570.179 Executing VM operation: RedefineClasses
Event: 570.206 Executing VM operation: RedefineClasses done
Event: 585.328 Executing VM operation: RedefineClasses
Event: 585.356 Executing VM operation: RedefineClasses done
Event: 585.398 Executing VM operation: ChangeBreakpoints
Event: 585.400 Executing VM operation: ChangeBreakpoints done
Event: 639.128 Executing VM operation: RedefineClasses
Event: 639.166 Executing VM operation: RedefineClasses done


Dynamic libraries:
0x00007ff6fb490000 - 0x00007ff6fb4c7000 	C:\Program Files\Java\jre1.8.0_101\bin\javaw.exe
0x00007ffffe760000 - 0x00007ffffe922000 	C:\windows\SYSTEM32\ntdll.dll
0x00007ffffc7f0000 - 0x00007ffffc89d000 	C:\windows\system32\KERNEL32.DLL
0x00007fffe6730000 - 0x00007fffe6763000 	C:\Program Files (x86)\AVG\Av\avghooka.dll
0x00007ffffb610000 - 0x00007ffffb7ed000 	C:\windows\system32\KERNELBASE.dll
0x00007ffffc930000 - 0x00007ffffc9d6000 	C:\windows\system32\ADVAPI32.dll
0x00007ffffc9e0000 - 0x00007ffffca7d000 	C:\windows\system32\msvcrt.dll
0x00007ffffe5e0000 - 0x00007ffffe63b000 	C:\windows\system32\sechost.dll
0x00007ffffbe20000 - 0x00007ffffbf46000 	C:\windows\system32\RPCRT4.dll
0x00007ffffc2c0000 - 0x00007ffffc40e000 	C:\windows\system32\USER32.dll
0x00007ffffcdd0000 - 0x00007ffffcf55000 	C:\windows\system32\GDI32.dll
0x00007ffff5500000 - 0x00007ffff5774000 	C:\windows\WinSxS\amd64_microsoft.windows.common-controls_6595b64144ccf1df_6.0.10240.17113_none_f41e180257520c58\COMCTL32.dll
0x00007ffffccb0000 - 0x00007ffffcce6000 	C:\windows\system32\IMM32.DLL
0x00007ffffca80000 - 0x00007ffffcbdc000 	C:\windows\system32\MSCTF.dll
0x0000000065910000 - 0x00000000659e2000 	C:\Program Files\Java\jre1.8.0_101\bin\msvcr100.dll
0x0000000064fa0000 - 0x000000006583a000 	C:\Program Files\Java\jre1.8.0_101\bin\server\jvm.dll
0x00007ffffcdc0000 - 0x00007ffffcdc8000 	C:\windows\system32\PSAPI.DLL
0x00007ffff8a40000 - 0x00007ffff8a49000 	C:\windows\SYSTEM32\WSOCK32.dll
0x00007ffffcbe0000 - 0x00007ffffcc49000 	C:\windows\system32\WS2_32.dll
0x00007ffffc030000 - 0x00007ffffc038000 	C:\windows\system32\NSI.dll
0x00007ffff8f10000 - 0x00007ffff8f33000 	C:\windows\SYSTEM32\WINMM.dll
0x00007ffff5830000 - 0x00007ffff583a000 	C:\windows\SYSTEM32\VERSION.dll
0x00007ffff8eb0000 - 0x00007ffff8edc000 	C:\windows\SYSTEM32\WINMMBASE.dll
0x00007ffffb220000 - 0x00007ffffb264000 	C:\windows\system32\cfgmgr32.dll
0x00007ffff9af0000 - 0x00007ffff9b17000 	C:\windows\SYSTEM32\DEVOBJ.dll
0x0000000064eb0000 - 0x0000000064ebf000 	C:\Program Files\Java\jre1.8.0_101\bin\verify.dll
0x0000000064e80000 - 0x0000000064ea9000 	C:\Program Files\Java\jre1.8.0_101\bin\java.dll
0x00000000658d0000 - 0x0000000065905000 	C:\Program Files\Java\jre1.8.0_101\bin\jdwp.dll
0x00000000658c0000 - 0x00000000658c8000 	C:\Program Files\Java\jre1.8.0_101\bin\npt.dll
0x0000000064e60000 - 0x0000000064e76000 	C:\Program Files\Java\jre1.8.0_101\bin\zip.dll
0x00007ffffd0b0000 - 0x00007ffffe5d3000 	C:\windows\system32\SHELL32.dll
0x00007ffffb7f0000 - 0x00007ffffbe19000 	C:\windows\system32\windows.storage.dll
0x00007ffffc040000 - 0x00007ffffc2bc000 	C:\windows\system32\combase.dll
0x00007ffffc5e0000 - 0x00007ffffc631000 	C:\windows\system32\shlwapi.dll
0x00007ffffb180000 - 0x00007ffffb18f000 	C:\windows\system32\kernel.appcore.dll
0x00007ffffb2d0000 - 0x00007ffffb383000 	C:\windows\system32\shcore.dll
0x00007ffffb190000 - 0x00007ffffb1da000 	C:\windows\system32\powrprof.dll
0x00007ffffb1e0000 - 0x00007ffffb1f3000 	C:\windows\system32\profapi.dll
0x00000000658b0000 - 0x00000000658b9000 	C:\Program Files\Java\jre1.8.0_101\bin\dt_socket.dll
0x00007fffe6de0000 - 0x00007fffe6df5000 	C:\windows\system32\napinsp.dll
0x00007fffe6e00000 - 0x00007fffe6e1a000 	C:\windows\system32\pnrpnsp.dll
0x00007ffff8580000 - 0x00007ffff8598000 	C:\windows\system32\NLAapi.dll
0x00007ffffa980000 - 0x00007ffffa9dd000 	C:\windows\System32\mswsock.dll
0x00007ffffa730000 - 0x00007ffffa7d8000 	C:\windows\SYSTEM32\DNSAPI.dll
0x00007fffe6e20000 - 0x00007fffe6e2d000 	C:\windows\System32\winrnr.dll
0x00007fffe6e30000 - 0x00007fffe6e45000 	C:\windows\system32\wshbth.dll
0x0000000065d50000 - 0x0000000065d76000 	C:\Program Files\Bonjour\mdnsNSP.dll
0x00007ffff4790000 - 0x00007ffff47c8000 	C:\windows\SYSTEM32\Iphlpapi.DLL
0x00007ffff4780000 - 0x00007ffff478b000 	C:\windows\SYSTEM32\WINNSI.DLL
0x00007ffff3d90000 - 0x00007ffff3df8000 	C:\windows\System32\fwpuclnt.dll
0x00007ffffb0b0000 - 0x00007ffffb0d8000 	C:\windows\SYSTEM32\bcrypt.dll
0x00007fffeddd0000 - 0x00007fffeddda000 	C:\Windows\System32\rasadhlp.dll
0x0000000064c80000 - 0x0000000064e18000 	C:\Program Files\Java\jre1.8.0_101\bin\awt.dll
0x00007ffffccf0000 - 0x00007ffffcdb2000 	C:\windows\system32\OLEAUT32.dll
0x00007ffff96c0000 - 0x00007ffff9738000 	C:\windows\system32\apphelp.dll
0x00007ffff8b60000 - 0x00007ffff8b82000 	C:\windows\system32\DWMAPI.DLL
0x00007ffff9a50000 - 0x00007ffff9ae6000 	C:\windows\system32\uxtheme.dll
0x00007ffffcf60000 - 0x00007ffffd0a1000 	C:\windows\system32\ole32.dll
0x00007ffffaf40000 - 0x00007ffffafab000 	C:\windows\SYSTEM32\bcryptPrimitives.dll
0x0000000065860000 - 0x00000000658a7000 	C:\Program Files\Java\jre1.8.0_101\bin\fontmanager.dll
0x00007ffffe640000 - 0x00007ffffe6e5000 	C:\windows\system32\clbcatq.dll
0x00007ffff37c0000 - 0x00007ffff3972000 	C:\windows\SYSTEM32\WindowsCodecs.dll
0x00007ffffa9e0000 - 0x00007ffffa9f7000 	C:\windows\SYSTEM32\cryptsp.dll
0x00007ffffa5e0000 - 0x00007ffffa613000 	C:\windows\system32\rsaenh.dll
0x00007ffffac00000 - 0x00007ffffac0b000 	C:\windows\SYSTEM32\CRYPTBASE.dll
0x00007fffe7d20000 - 0x00007fffe7d66000 	C:\windows\system32\dataexchange.dll
0x00007ffff0ba0000 - 0x00007ffff10e5000 	C:\windows\system32\d2d1.dll
0x00007ffff8790000 - 0x00007ffff8a33000 	C:\windows\system32\d3d11.dll
0x00007ffff9150000 - 0x00007ffff9221000 	C:\windows\system32\dcomp.dll
0x00007ffff86f0000 - 0x00007ffff878c000 	C:\windows\system32\dxgi.dll
0x00007ffff9b40000 - 0x00007ffff9c2e000 	C:\windows\system32\twinapi.appcore.dll
0x00007ffffa960000 - 0x00007ffffa97f000 	C:\windows\system32\USERENV.dll
0x0000000064e40000 - 0x0000000064e5a000 	C:\Program Files\Java\jre1.8.0_101\bin\net.dll
0x0000000064e20000 - 0x0000000064e31000 	C:\Program Files\Java\jre1.8.0_101\bin\nio.dll
0x0000000064c30000 - 0x0000000064c72000 	C:\Program Files\Java\jre1.8.0_101\bin\t2k.dll
0x0000000065850000 - 0x000000006585d000 	C:\Program Files\Java\jre1.8.0_101\bin\management.dll
0x0000000064c00000 - 0x0000000064c2a000 	C:\Program Files\Java\jre1.8.0_101\bin\dcpr.dll
0x00007ffff5390000 - 0x00007ffff543a000 	C:\windows\WinSxS\amd64_microsoft.windows.common-controls_6595b64144ccf1df_5.82.10240.16384_none_0212ec7eba871e86\comctl32.dll
0x00007ffff8b90000 - 0x00007ffff8d13000 	C:\windows\SYSTEM32\PROPSYS.dll
0x00007fffe67f0000 - 0x00007fffe6c5a000 	C:\Windows\System32\ActXPrxy.dll
0x00007fffd8140000 - 0x00007fffd82e2000 	C:\windows\system32\NetworkExplorer.dll
0x00007ffffa4f0000 - 0x00007ffffa50c000 	C:\windows\SYSTEM32\MPR.dll
0x00007ffff1d60000 - 0x00007ffff1d6b000 	C:\windows\System32\drprov.dll
0x00007ffffafb0000 - 0x00007ffffb008000 	C:\windows\System32\WINSTA.dll
0x00007fffeeea0000 - 0x00007fffeeeb6000 	C:\windows\System32\ntlanman.dll
0x00007fffe9040000 - 0x00007fffe9060000 	C:\windows\System32\davclnt.dll
0x00007ffff0670000 - 0x00007ffff067c000 	C:\windows\System32\DAVHLPR.dll
0x00007ffff5440000 - 0x00007ffff5456000 	C:\windows\System32\wkscli.dll
0x00007fffeb070000 - 0x00007fffeb082000 	C:\windows\SYSTEM32\cscapi.dll
0x00007ffffa510000 - 0x00007ffffa51c000 	C:\windows\System32\netutils.dll
0x00007fffeede0000 - 0x00007fffeee5f000 	C:\Windows\System32\dlnashext.dll
0x00007fffe70f0000 - 0x00007fffe7161000 	C:\Windows\System32\PlayToDevice.dll
0x00007fffd56b0000 - 0x00007fffd56ce000 	C:\Windows\System32\DevDispItemProvider.dll
0x00007ffff6d80000 - 0x00007ffff6df2000 	C:\windows\System32\MMDevApi.dll
0x00007fffd7df0000 - 0x00007fffd7ff3000 	C:\windows\system32\wpdshext.dll
0x00007ffff51e0000 - 0x00007ffff5388000 	C:\windows\WinSxS\amd64_microsoft.windows.gdiplus_6595b64144ccf1df_1.1.10240.17113_none_89a7e8f19af63c98\gdiplus.dll
0x00007ffff9610000 - 0x00007ffff96b1000 	C:\Windows\System32\PortableDeviceApi.dll
0x00007ffffc410000 - 0x00007ffffc5d5000 	C:\windows\system32\SETUPAPI.dll
0x00007ffffb270000 - 0x00007ffffb2c4000 	C:\windows\system32\WINTRUST.dll
0x00007ffffb200000 - 0x00007ffffb211000 	C:\windows\system32\MSASN1.dll
0x00007ffffb440000 - 0x00007ffffb601000 	C:\windows\system32\CRYPT32.dll
0x00007ffff6b20000 - 0x00007ffff6b57000 	C:\Windows\System32\EhStorShell.dll
0x00007fffefc20000 - 0x00007fffefc46000 	C:\Windows\System32\EhStorAPI.dll
0x00007ffff8f40000 - 0x00007ffff8f53000 	C:\Windows\System32\WTSAPI32.dll
0x00007ffff0b60000 - 0x00007ffff0b6d000 	C:\windows\SYSTEM32\LINKINFO.dll
0x00007fffec650000 - 0x00007fffec7e8000 	C:\windows\SYSTEM32\urlmon.dll
0x00007fffeeef0000 - 0x00007fffef26c000 	C:\windows\SYSTEM32\iertutil.dll
0x00007fffe8b60000 - 0x00007fffe8b87000 	C:\windows\System32\IDStore.dll
0x00007ffff8db0000 - 0x00007ffff8dcc000 	C:\windows\System32\SAMLIB.dll
0x00007fffdeab0000 - 0x00007fffdeb49000 	C:\windows\System32\wlidprov.dll
0x00007ffffa420000 - 0x00007ffffa452000 	C:\windows\SYSTEM32\ntmarta.dll
0x00007ffff82f0000 - 0x00007ffff847a000 	C:\windows\SYSTEM32\dbghelp.dll

VM Arguments:
jvm_args: -agentlib:jdwp=transport=dt_socket,suspend=y,address=localhost:54981 -Dsun.java2d.dpiaware=false -Dfile.encoding=Cp1252 
java_command: main.DartsMain devMode
java_class_path (initial): C:\Users\alexb\workspace\Darts\bin;C:\Users\alexb\workspace\DesktopCore\bin;C:\Users\alexb\Documents\Java\External jars\javax.mail.jar;C:\Users\alexb\workspace\Core\bin;C:\Users\alexb\Documents\Java\External jars\jcalendar-0.8.1.jar;C:\Program Files\Java\jdk1.8.0_101\db\lib\derbyLocale_cs.jar;C:\Program Files\Java\jdk1.8.0_101\db\lib\derbyLocale_de_DE.jar;C:\Program Files\Java\jdk1.8.0_101\db\lib\derbyLocale_es.jar;C:\Program Files\Java\jdk1.8.0_101\db\lib\derbyLocale_fr.jar;C:\Program Files\Java\jdk1.8.0_101\db\lib\derbyLocale_hu.jar;C:\Program Files\Java\jdk1.8.0_101\db\lib\derbyLocale_it.jar;C:\Program Files\Java\jdk1.8.0_101\db\lib\derbyLocale_ja_JP.jar;C:\Program Files\Java\jdk1.8.0_101\db\lib\derbyLocale_ko_KR.jar;C:\Program Files\Java\jdk1.8.0_101\db\lib\derbyLocale_pl.jar;C:\Program Files\Java\jdk1.8.0_101\db\lib\derbyLocale_pt_BR.jar;C:\Program Files\Java\jdk1.8.0_101\db\lib\derbyLocale_ru.jar;C:\Program Files\Java\jdk1.8.0_101\db\lib\derbyLocale_zh_CN.jar;C:\Program Files\Java\jdk1.8.0_101\db\lib\derbyLocale_zh_TW.jar;C:\Program Files\Java\jdk1.8.0_101\db\lib\derby.jar;C:\Users\alexb\Documents\Java\External jars\commons-math3-3.4.1.jar;C:\Users\alexb\Documents\Java\External jars\forms-1.3.0.jar;C:\Users\alexb\workspace\Darts\miglayout15-swing.jar;C:\Users\alexb\Documents\Java\External jars\jcommon-1.0.23.jar;C:\Users\alexb\Documents\Java\External jars\jfreechart-1.0.19.jar
Launcher Type: SUN_STANDARD

Environment Variables:
PATH=C:/Program Files/Java/jre1.8.0_101/bin/server;C:/Program Files/Java/jre1.8.0_101/bin;C:/Program Files/Java/jre1.8.0_101/lib/amd64;C:\ProgramData\Oracle\Java\javapath;C:\Program Files (x86)\Intel\iCLS Client\;C:\Program Files\Intel\iCLS Client\;C:\windows\system32;C:\windows;C:\windows\System32\Wbem;C:\windows\System32\WindowsPowerShell\v1.0\;C:\Program Files (x86)\Intel\Intel(R) Management Engine Components\DAL;C:\Program Files\Intel\Intel(R) Management Engine Components\DAL;C:\Program Files (x86)\Intel\Intel(R) Management Engine Components\IPT;C:\Program Files\Intel\Intel(R) Management Engine Components\IPT;C:\Program Files (x86)\NVIDIA Corporation\PhysX\Common;C:\Program Files\Intel\IntelSGXPSW\bin\x64\Release\;C:\Program Files\Intel\IntelSGXPSW\bin\win32\Release\;C:\Program Files\Intel\WiFi\bin\;C:\Program Files\Common Files\Intel\WirelessCommon\;C:\Users\alexb\Documents\eclipse;
USERNAME=alexb
OS=Windows_NT
PROCESSOR_IDENTIFIER=Intel64 Family 6 Model 94 Stepping 3, GenuineIntel



---------------  S Y S T E M  ---------------

OS: Windows 10.0 , 64 bit Build 10240 (10.0.10240.17113)

CPU:total 8 (4 cores per cpu, 2 threads per core) family 6 model 94 stepping 3, cmov, cx8, fxsr, mmx, sse, sse2, sse3, ssse3, sse4.1, sse4.2, popcnt, avx, avx2, aes, clmul, erms, rtm, 3dnowpref, lzcnt, ht, tsc, tscinvbit, bmi1, bmi2, adx

Memory: 4k page, physical 8223456k(4621644k free), swap 12286688k(8519144k free)

vm_info: Java HotSpot(TM) 64-Bit Server VM (25.101-b13) for windows-amd64 JRE (1.8.0_101-b13), built on Jun 22 2016 01:21:29 by "java_re" with MS VC++ 10.0 (VS2010)

time: Sun Oct 09 16:08:15 2016
elapsed time: 639 seconds (0d 0h 10m 39s)

